# JRE version: OpenJDK Runtime Environment Temurin-17.0.13+11 (17.0.13+11) (build 17.0.13+11)
# Java VM: OpenJDK 64-Bit Server VM Temurin-17.0.13+11 (17.0.13+11, mixed mode, tiered, compressed oops, compressed class ptrs, parallel gc, windows-amd64)
GC Precious Log:
 CPUs: 8 total, 8 available
 Memory: 16321M
 Large Page Support: Disabled
 NUMA Support: Disabled
 Compressed Oops: Enabled (32-bit)
 Alignments: Space 512K, Generation 512K, Heap 2M
 Heap Min Capacity: 100M
 Heap Initial Capacity: 100M
 Heap Max Capacity: 1G
 Pre-touch: Disabled
 Parallel Workers: 8
Heap:
 PSYoungGen      total 14848K, used 13338K [0x00000000eab00000, 0x00000000ebd80000, 0x0000000100000000)
  eden space 12800K, 89% used [0x00000000eab00000,0x00000000eb6269f8,0x00000000eb780000)
  from space 2048K, 93% used [0x00000000eb780000,0x00000000eb960000,0x00000000eb980000)
  to   space 3072K, 0% used [0x00000000eba80000,0x00000000eba80000,0x00000000ebd80000)
 ParOldGen       total 216064K, used 200395K [0x00000000c0000000, 0x00000000cd300000, 0x00000000eab00000)
  object space 216064K, 92% used [0x00000000c0000000,0x00000000cc3b2c40,0x00000000cd300000)
 Metaspace       used 57649K, committed 58624K, reserved 1114112K
  class space    used 6202K, committed 6592K, reserved 1048576K
GC Heap History (20 events):
Event: 26.740 GC heap before
{Heap before GC invocations=135 (full 12):
 PSYoungGen      total 18432K, used 18417K [0x00000000eab00000, 0x00000000ecb00000, 0x0000000100000000)
  eden space 14336K, 100% used [0x00000000eab00000,0x00000000eb900000,0x00000000eb900000)
  from space 4096K, 99% used [0x00000000ec700000,0x00000000ecafc5f0,0x00000000ecb00000)
  to   space 4608K, 0% used [0x00000000ec200000,0x00000000ec200000,0x00000000ec680000)
 ParOldGen       total 216064K, used 179079K [0x00000000c0000000, 0x00000000cd300000, 0x00000000eab00000)
  object space 216064K, 82% used [0x00000000c0000000,0x00000000caee1e00,0x00000000cd300000)
 Metaspace       used 57648K, committed 58624K, reserved 1114112K
  class space    used 6202K, committed 6592K, reserved 1048576K
}
Event: 26.743 GC heap after
{Heap after GC invocations=135 (full 12):
 PSYoungGen      total 16384K, used 1906K [0x00000000eab00000, 0x00000000ec780000, 0x0000000100000000)
  eden space 14336K, 0% used [0x00000000eab00000,0x00000000eab00000,0x00000000eb900000)
  from space 2048K, 93% used [0x00000000ec200000,0x00000000ec3dcaf0,0x00000000ec400000)
  to   space 3072K, 0% used [0x00000000ec480000,0x00000000ec480000,0x00000000ec780000)
 ParOldGen       total 216064K, used 182897K [0x00000000c0000000, 0x00000000cd300000, 0x00000000eab00000)
  object space 216064K, 84% used [0x00000000c0000000,0x00000000cb29c508,0x00000000cd300000)
 Metaspace       used 57648K, committed 58624K, reserved 1114112K
  class space    used 6202K, committed 6592K, reserved 1048576K
}
Event: 26.813 GC heap before
{Heap before GC invocations=136 (full 12):
 PSYoungGen      total 16384K, used 16242K [0x00000000eab00000, 0x00000000ec780000, 0x0000000100000000)
  eden space 14336K, 100% used [0x00000000eab00000,0x00000000eb900000,0x00000000eb900000)
  from space 2048K, 93% used [0x00000000ec200000,0x00000000ec3dcaf0,0x00000000ec400000)
  to   space 3072K, 0% used [0x00000000ec480000,0x00000000ec480000,0x00000000ec780000)
 ParOldGen       total 216064K, used 182897K [0x00000000c0000000, 0x00000000cd300000, 0x00000000eab00000)
  object space 216064K, 84% used [0x00000000c0000000,0x00000000cb29c508,0x00000000cd300000)
 Metaspace       used 57648K, committed 58624K, reserved 1114112K
  class space    used 6202K, committed 6592K, reserved 1048576K
}
Event: 26.818 GC heap after
{Heap after GC invocations=136 (full 12):
 PSYoungGen      total 17408K, used 3052K [0x00000000eab00000, 0x00000000ec780000, 0x0000000100000000)
  eden space 14336K, 0% used [0x00000000eab00000,0x00000000eab00000,0x00000000eb900000)
  from space 3072K, 99% used [0x00000000ec480000,0x00000000ec77b008,0x00000000ec780000)
  to   space 4096K, 0% used [0x00000000ebf80000,0x00000000ebf80000,0x00000000ec380000)
 ParOldGen       total 216064K, used 183353K [0x00000000c0000000, 0x00000000cd300000, 0x00000000eab00000)
  object space 216064K, 84% used [0x00000000c0000000,0x00000000cb30e508,0x00000000cd300000)
 Metaspace       used 57648K, committed 58624K, reserved 1114112K
  class space    used 6202K, committed 6592K, reserved 1048576K
}
Event: 26.896 GC heap before
{Heap before GC invocations=137 (full 12):
 PSYoungGen      total 17408K, used 17388K [0x00000000eab00000, 0x00000000ec780000, 0x0000000100000000)
  eden space 14336K, 100% used [0x00000000eab00000,0x00000000eb900000,0x00000000eb900000)
  from space 3072K, 99% used [0x00000000ec480000,0x00000000ec77b008,0x00000000ec780000)
  to   space 4096K, 0% used [0x00000000ebf80000,0x00000000ebf80000,0x00000000ec380000)
 ParOldGen       total 216064K, used 183353K [0x00000000c0000000, 0x00000000cd300000, 0x00000000eab00000)
  object space 216064K, 84% used [0x00000000c0000000,0x00000000cb30e508,0x00000000cd300000)
 Metaspace       used 57648K, committed 58624K, reserved 1114112K
  class space    used 6202K, committed 6592K, reserved 1048576K
}
Event: 26.900 GC heap after
{Heap after GC invocations=137 (full 12):
 PSYoungGen      total 16896K, used 2200K [0x00000000eab00000, 0x00000000ec500000, 0x0000000100000000)
  eden space 14336K, 0% used [0x00000000eab00000,0x00000000eab00000,0x00000000eb900000)
  from space 2560K, 85% used [0x00000000ebf80000,0x00000000ec1a6008,0x00000000ec200000)
  to   space 3072K, 0% used [0x00000000ec200000,0x00000000ec200000,0x00000000ec500000)
 ParOldGen       total 216064K, used 186073K [0x00000000c0000000, 0x00000000cd300000, 0x00000000eab00000)
  object space 216064K, 86% used [0x00000000c0000000,0x00000000cb5b6508,0x00000000cd300000)
 Metaspace       used 57648K, committed 58624K, reserved 1114112K
  class space    used 6202K, committed 6592K, reserved 1048576K
}
Event: 26.976 GC heap before
{Heap before GC invocations=138 (full 12):
 PSYoungGen      total 16896K, used 16536K [0x00000000eab00000, 0x00000000ec500000, 0x0000000100000000)
  eden space 14336K, 100% used [0x00000000eab00000,0x00000000eb900000,0x00000000eb900000)
  from space 2560K, 85% used [0x00000000ebf80000,0x00000000ec1a6008,0x00000000ec200000)
  to   space 3072K, 0% used [0x00000000ec200000,0x00000000ec200000,0x00000000ec500000)
 ParOldGen       total 216064K, used 186073K [0x00000000c0000000, 0x00000000cd300000, 0x00000000eab00000)
  object space 216064K, 86% used [0x00000000c0000000,0x00000000cb5b6508,0x00000000cd300000)
 Metaspace       used 57648K, committed 58624K, reserved 1114112K
  class space    used 6202K, committed 6592K, reserved 1048576K
}
Event: 26.979 GC heap after
{Heap after GC invocations=138 (full 12):
 PSYoungGen      total 17408K, used 3064K [0x00000000eab00000, 0x00000000ec500000, 0x0000000100000000)
  eden space 14336K, 0% used [0x00000000eab00000,0x00000000eab00000,0x00000000eb900000)
  from space 3072K, 99% used [0x00000000ec200000,0x00000000ec4fe008,0x00000000ec500000)
  to   space 4096K, 0% used [0x00000000ebd00000,0x00000000ebd00000,0x00000000ec100000)
 ParOldGen       total 216064K, used 186601K [0x00000000c0000000, 0x00000000cd300000, 0x00000000eab00000)
  object space 216064K, 86% used [0x00000000c0000000,0x00000000cb63a508,0x00000000cd300000)
 Metaspace       used 57648K, committed 58624K, reserved 1114112K
  class space    used 6202K, committed 6592K, reserved 1048576K
}
Event: 27.046 GC heap before
{Heap before GC invocations=139 (full 12):
 PSYoungGen      total 17408K, used 17400K [0x00000000eab00000, 0x00000000ec500000, 0x0000000100000000)
  eden space 14336K, 100% used [0x00000000eab00000,0x00000000eb900000,0x00000000eb900000)
  from space 3072K, 99% used [0x00000000ec200000,0x00000000ec4fe008,0x00000000ec500000)
  to   space 4096K, 0% used [0x00000000ebd00000,0x00000000ebd00000,0x00000000ec100000)
 ParOldGen       total 216064K, used 186601K [0x00000000c0000000, 0x00000000cd300000, 0x00000000eab00000)
  object space 216064K, 86% used [0x00000000c0000000,0x00000000cb63a508,0x00000000cd300000)
 Metaspace       used 57648K, committed 58624K, reserved 1114112K
  class space    used 6202K, committed 6592K, reserved 1048576K
}
Event: 27.050 GC heap after
{Heap after GC invocations=139 (full 12):
 PSYoungGen      total 16384K, used 1856K [0x00000000eab00000, 0x00000000ec280000, 0x0000000100000000)
  eden space 14336K, 0% used [0x00000000eab00000,0x00000000eab00000,0x00000000eb900000)
  from space 2048K, 90% used [0x00000000ebd00000,0x00000000ebed0000,0x00000000ebf00000)
  to   space 2560K, 0% used [0x00000000ec000000,0x00000000ec000000,0x00000000ec280000)
 ParOldGen       total 216064K, used 189460K [0x00000000c0000000, 0x00000000cd300000, 0x00000000eab00000)
  object space 216064K, 87% used [0x00000000c0000000,0x00000000cb905120,0x00000000cd300000)
 Metaspace       used 57648K, committed 58624K, reserved 1114112K
  class space    used 6202K, committed 6592K, reserved 1048576K
}
Event: 27.121 GC heap before
{Heap before GC invocations=140 (full 12):
 PSYoungGen      total 16384K, used 16192K [0x00000000eab00000, 0x00000000ec280000, 0x0000000100000000)
  eden space 14336K, 100% used [0x00000000eab00000,0x00000000eb900000,0x00000000eb900000)
  from space 2048K, 90% used [0x00000000ebd00000,0x00000000ebed0000,0x00000000ebf00000)
  to   space 2560K, 0% used [0x00000000ec000000,0x00000000ec000000,0x00000000ec280000)
 ParOldGen       total 216064K, used 189460K [0x00000000c0000000, 0x00000000cd300000, 0x00000000eab00000)
  object space 216064K, 87% used [0x00000000c0000000,0x00000000cb905120,0x00000000cd300000)
 Metaspace       used 57649K, committed 58624K, reserved 1114112K
  class space    used 6202K, committed 6592K, reserved 1048576K
}
Event: 27.124 GC heap after
{Heap after GC invocations=140 (full 12):
 PSYoungGen      total 16896K, used 2558K [0x00000000eab00000, 0x00000000ec280000, 0x0000000100000000)
  eden space 14336K, 0% used [0x00000000eab00000,0x00000000eab00000,0x00000000eb900000)
  from space 2560K, 99% used [0x00000000ec000000,0x00000000ec27faf8,0x00000000ec280000)
  to   space 4096K, 0% used [0x00000000eba80000,0x00000000eba80000,0x00000000ebe80000)
 ParOldGen       total 216064K, used 190324K [0x00000000c0000000, 0x00000000cd300000, 0x00000000eab00000)
  object space 216064K, 88% used [0x00000000c0000000,0x00000000cb9dd120,0x00000000cd300000)
 Metaspace       used 57649K, committed 58624K, reserved 1114112K
  class space    used 6202K, committed 6592K, reserved 1048576K
}
Event: 27.191 GC heap before
{Heap before GC invocations=141 (full 12):
 PSYoungGen      total 16896K, used 16894K [0x00000000eab00000, 0x00000000ec280000, 0x0000000100000000)
  eden space 14336K, 100% used [0x00000000eab00000,0x00000000eb900000,0x00000000eb900000)
  from space 2560K, 99% used [0x00000000ec000000,0x00000000ec27faf8,0x00000000ec280000)
  to   space 4096K, 0% used [0x00000000eba80000,0x00000000eba80000,0x00000000ebe80000)
 ParOldGen       total 216064K, used 190324K [0x00000000c0000000, 0x00000000cd300000, 0x00000000eab00000)
  object space 216064K, 88% used [0x00000000c0000000,0x00000000cb9dd120,0x00000000cd300000)
 Metaspace       used 57649K, committed 58624K, reserved 1114112K
  class space    used 6202K, committed 6592K, reserved 1048576K
}
Event: 27.195 GC heap after
{Heap after GC invocations=141 (full 12):
 PSYoungGen      total 16896K, used 2219K [0x00000000eab00000, 0x00000000ec080000, 0x0000000100000000)
  eden space 14336K, 0% used [0x00000000eab00000,0x00000000eab00000,0x00000000eb900000)
  from space 2560K, 86% used [0x00000000eba80000,0x00000000ebcaac10,0x00000000ebd00000)
  to   space 3072K, 0% used [0x00000000ebd80000,0x00000000ebd80000,0x00000000ec080000)
 ParOldGen       total 216064K, used 192733K [0x00000000c0000000, 0x00000000cd300000, 0x00000000eab00000)
  object space 216064K, 89% used [0x00000000c0000000,0x00000000cbc37428,0x00000000cd300000)
 Metaspace       used 57649K, committed 58624K, reserved 1114112K
  class space    used 6202K, committed 6592K, reserved 1048576K
}
Event: 27.253 GC heap before
{Heap before GC invocations=142 (full 12):
 PSYoungGen      total 16896K, used 16555K [0x00000000eab00000, 0x00000000ec080000, 0x0000000100000000)
  eden space 14336K, 100% used [0x00000000eab00000,0x00000000eb900000,0x00000000eb900000)
  from space 2560K, 86% used [0x00000000eba80000,0x00000000ebcaac10,0x00000000ebd00000)
  to   space 3072K, 0% used [0x00000000ebd80000,0x00000000ebd80000,0x00000000ec080000)
 ParOldGen       total 216064K, used 192733K [0x00000000c0000000, 0x00000000cd300000, 0x00000000eab00000)
  object space 216064K, 89% used [0x00000000c0000000,0x00000000cbc37428,0x00000000cd300000)
 Metaspace       used 57649K, committed 58624K, reserved 1114112K
  class space    used 6202K, committed 6592K, reserved 1048576K
}
Event: 27.256 GC heap after
{Heap after GC invocations=142 (full 12):
 PSYoungGen      total 17408K, used 3046K [0x00000000eab00000, 0x00000000ec200000, 0x0000000100000000)
  eden space 14336K, 0% used [0x00000000eab00000,0x00000000eab00000,0x00000000eb900000)
  from space 3072K, 99% used [0x00000000ebd80000,0x00000000ec079818,0x00000000ec080000)
  to   space 4608K, 0% used [0x00000000eb900000,0x00000000eb900000,0x00000000ebd80000)
 ParOldGen       total 216064K, used 193701K [0x00000000c0000000, 0x00000000cd300000, 0x00000000eab00000)
  object space 216064K, 89% used [0x00000000c0000000,0x00000000cbd29428,0x00000000cd300000)
 Metaspace       used 57649K, committed 58624K, reserved 1114112K
  class space    used 6202K, committed 6592K, reserved 1048576K
}
Event: 27.314 GC heap before
{Heap before GC invocations=143 (full 12):
 PSYoungGen      total 17408K, used 17382K [0x00000000eab00000, 0x00000000ec200000, 0x0000000100000000)
  eden space 14336K, 100% used [0x00000000eab00000,0x00000000eb900000,0x00000000eb900000)
  from space 3072K, 99% used [0x00000000ebd80000,0x00000000ec079818,0x00000000ec080000)
  to   space 4608K, 0% used [0x00000000eb900000,0x00000000eb900000,0x00000000ebd80000)
 ParOldGen       total 216064K, used 193701K [0x00000000c0000000, 0x00000000cd300000, 0x00000000eab00000)
  object space 216064K, 89% used [0x00000000c0000000,0x00000000cbd29428,0x00000000cd300000)
 Metaspace       used 57649K, committed 58624K, reserved 1114112K
  class space    used 6202K, committed 6592K, reserved 1048576K
}
Event: 27.319 GC heap after
{Heap after GC invocations=143 (full 12):
 PSYoungGen      total 16896K, used 2144K [0x00000000eab00000, 0x00000000ebf00000, 0x0000000100000000)
  eden space 14336K, 0% used [0x00000000eab00000,0x00000000eab00000,0x00000000eb900000)
  from space 2560K, 83% used [0x00000000eb900000,0x00000000ebb18000,0x00000000ebb80000)
  to   space 3072K, 0% used [0x00000000ebc00000,0x00000000ebc00000,0x00000000ebf00000)
 ParOldGen       total 216064K, used 196659K [0x00000000c0000000, 0x00000000cd300000, 0x00000000eab00000)
  object space 216064K, 91% used [0x00000000c0000000,0x00000000cc00cc40,0x00000000cd300000)
 Metaspace       used 57649K, committed 58624K, reserved 1114112K
  class space    used 6202K, committed 6592K, reserved 1048576K
}
Event: 27.376 GC heap before
{Heap before GC invocations=144 (full 12):
 PSYoungGen      total 16896K, used 16480K [0x00000000eab00000, 0x00000000ebf00000, 0x0000000100000000)
  eden space 14336K, 100% used [0x00000000eab00000,0x00000000eb900000,0x00000000eb900000)
  from space 2560K, 83% used [0x00000000eb900000,0x00000000ebb18000,0x00000000ebb80000)
  to   space 3072K, 0% used [0x00000000ebc00000,0x00000000ebc00000,0x00000000ebf00000)
 ParOldGen       total 216064K, used 196659K [0x00000000c0000000, 0x00000000cd300000, 0x00000000eab00000)
  object space 216064K, 91% used [0x00000000c0000000,0x00000000cc00cc40,0x00000000cd300000)
 Metaspace       used 57649K, committed 58624K, reserved 1114112K
  class space    used 6202K, committed 6592K, reserved 1048576K
}
Event: 27.378 GC heap after
{Heap after GC invocations=144 (full 12):
 PSYoungGen      total 15872K, used 3072K [0x00000000eab00000, 0x00000000ec200000, 0x0000000100000000)
  eden space 12800K, 0% used [0x00000000eab00000,0x00000000eab00000,0x00000000eb780000)
  from space 3072K, 100% used [0x00000000ebc00000,0x00000000ebf00000,0x00000000ebf00000)
  to   space 4608K, 0% used [0x00000000eb780000,0x00000000eb780000,0x00000000ebc00000)
 ParOldGen       total 216064K, used 197443K [0x00000000c0000000, 0x00000000cd300000, 0x00000000eab00000)
  object space 216064K, 91% used [0x00000000c0000000,0x00000000cc0d0c40,0x00000000cd300000)
 Metaspace       used 57649K, committed 58624K, reserved 1114112K
  class space    used 6202K, committed 6592K, reserved 1048576K
}

