# JRE version: OpenJDK Runtime Environment Temurin-17.0.13+11 (17.0.13+11) (build 17.0.13+11)
# Java VM: OpenJDK 64-Bit Server VM Temurin-17.0.13+11 (17.0.13+11, mixed mode, tiered, compressed oops, compressed class ptrs, parallel gc, windows-amd64)
GC Precious Log:
 CPUs: 8 total, 8 available
 Memory: 16321M
 Large Page Support: Disabled
 NUMA Support: Disabled
 Compressed Oops: Enabled (32-bit)
 Alignments: Space 512K, Generation 512K, Heap 2M
 Heap Min Capacity: 100M
 Heap Initial Capacity: 100M
 Heap Max Capacity: 1G
 Pre-touch: Disabled
 Parallel Workers: 8
Heap:
 PSYoungGen      total 3584K, used 588K [0x00000000eab00000, 0x00000000eb100000, 0x0000000100000000)
  eden space 3072K, 12% used [0x00000000eab00000,0x00000000eab633b0,0x00000000eae00000)
  from space 512K, 37% used [0x00000000eb080000,0x00000000eb0b0000,0x00000000eb100000)
  to   space 512K, 0% used [0x00000000eb000000,0x00000000eb000000,0x00000000eb080000)
 ParOldGen       total 311296K, used 297453K [0x00000000c0000000, 0x00000000d3000000, 0x00000000eab00000)
  object space 311296K, 95% used [0x00000000c0000000,0x00000000d227b4c0,0x00000000d3000000)
 Metaspace       used 81780K, committed 83072K, reserved 1179648K
  class space    used 8754K, committed 9344K, reserved 1048576K
GC Heap History (20 events):
Event: 100.057 GC heap before
{Heap before GC invocations=2946 (full 40):
 PSYoungGen      total 3072K, used 2969K [0x00000000eab00000, 0x00000000eb000000, 0x0000000100000000)
  eden space 1536K, 98% used [0x00000000eab00000,0x00000000eac7b558,0x00000000eac80000)
  from space 1536K, 94% used [0x00000000eac80000,0x00000000eadeb000,0x00000000eae00000)
  to   space 1536K, 0% used [0x00000000eae80000,0x00000000eae80000,0x00000000eb000000)
 ParOldGen       total 311296K, used 286543K [0x00000000c0000000, 0x00000000d3000000, 0x00000000eab00000)
  object space 311296K, 92% used [0x00000000c0000000,0x00000000d17d3e18,0x00000000d3000000)
 Metaspace       used 81418K, committed 82752K, reserved 1179648K
  class space    used 8703K, committed 9280K, reserved 1048576K
}
Event: 100.059 GC heap after
{Heap after GC invocations=2946 (full 40):
 PSYoungGen      total 3584K, used 1468K [0x00000000eab00000, 0x00000000eb000000, 0x0000000100000000)
  eden space 2048K, 0% used [0x00000000eab00000,0x00000000eab00000,0x00000000ead00000)
  from space 1536K, 95% used [0x00000000eae80000,0x00000000eafef000,0x00000000eb000000)
  to   space 1536K, 0% used [0x00000000ead00000,0x00000000ead00000,0x00000000eae80000)
 ParOldGen       total 311296K, used 287933K [0x00000000c0000000, 0x00000000d3000000, 0x00000000eab00000)
  object space 311296K, 92% used [0x00000000c0000000,0x00000000d192f600,0x00000000d3000000)
 Metaspace       used 81418K, committed 82752K, reserved 1179648K
  class space    used 8703K, committed 9280K, reserved 1048576K
}
Event: 100.064 GC heap before
{Heap before GC invocations=2947 (full 40):
 PSYoungGen      total 3584K, used 3515K [0x00000000eab00000, 0x00000000eb000000, 0x0000000100000000)
  eden space 2048K, 99% used [0x00000000eab00000,0x00000000eacffff0,0x00000000ead00000)
  from space 1536K, 95% used [0x00000000eae80000,0x00000000eafef000,0x00000000eb000000)
  to   space 1536K, 0% used [0x00000000ead00000,0x00000000ead00000,0x00000000eae80000)
 ParOldGen       total 311296K, used 287933K [0x00000000c0000000, 0x00000000d3000000, 0x00000000eab00000)
  object space 311296K, 92% used [0x00000000c0000000,0x00000000d192f600,0x00000000d3000000)
 Metaspace       used 81418K, committed 82752K, reserved 1179648K
  class space    used 8703K, committed 9280K, reserved 1048576K
}
Event: 100.066 GC heap after
{Heap after GC invocations=2947 (full 40):
 PSYoungGen      total 3584K, used 1532K [0x00000000eab00000, 0x00000000eb580000, 0x0000000100000000)
  eden space 2048K, 0% used [0x00000000eab00000,0x00000000eab00000,0x00000000ead00000)
  from space 1536K, 99% used [0x00000000ead00000,0x00000000eae7f000,0x00000000eae80000)
  to   space 4096K, 0% used [0x00000000eb180000,0x00000000eb180000,0x00000000eb580000)
 ParOldGen       total 311296K, used 289854K [0x00000000c0000000, 0x00000000d3000000, 0x00000000eab00000)
  object space 311296K, 93% used [0x00000000c0000000,0x00000000d1b0fa50,0x00000000d3000000)
 Metaspace       used 81418K, committed 82752K, reserved 1179648K
  class space    used 8703K, committed 9280K, reserved 1048576K
}
Event: 100.070 GC heap before
{Heap before GC invocations=2948 (full 40):
 PSYoungGen      total 3584K, used 3580K [0x00000000eab00000, 0x00000000eb580000, 0x0000000100000000)
  eden space 2048K, 100% used [0x00000000eab00000,0x00000000ead00000,0x00000000ead00000)
  from space 1536K, 99% used [0x00000000ead00000,0x00000000eae7f000,0x00000000eae80000)
  to   space 4096K, 0% used [0x00000000eb180000,0x00000000eb180000,0x00000000eb580000)
 ParOldGen       total 311296K, used 289854K [0x00000000c0000000, 0x00000000d3000000, 0x00000000eab00000)
  object space 311296K, 93% used [0x00000000c0000000,0x00000000d1b0fa50,0x00000000d3000000)
 Metaspace       used 81418K, committed 82752K, reserved 1179648K
  class space    used 8703K, committed 9280K, reserved 1048576K
}
Event: 100.072 GC heap after
{Heap after GC invocations=2948 (full 40):
 PSYoungGen      total 5120K, used 2113K [0x00000000eab00000, 0x00000000eb400000, 0x0000000100000000)
  eden space 2560K, 0% used [0x00000000eab00000,0x00000000eab00000,0x00000000ead80000)
  from space 2560K, 82% used [0x00000000eb180000,0x00000000eb390400,0x00000000eb400000)
  to   space 3072K, 0% used [0x00000000eae00000,0x00000000eae00000,0x00000000eb100000)
 ParOldGen       total 311296K, used 291307K [0x00000000c0000000, 0x00000000d3000000, 0x00000000eab00000)
  object space 311296K, 93% used [0x00000000c0000000,0x00000000d1c7ae50,0x00000000d3000000)
 Metaspace       used 81418K, committed 82752K, reserved 1179648K
  class space    used 8703K, committed 9280K, reserved 1048576K
}
Event: 100.077 GC heap before
{Heap before GC invocations=2949 (full 40):
 PSYoungGen      total 5120K, used 4673K [0x00000000eab00000, 0x00000000eb400000, 0x0000000100000000)
  eden space 2560K, 100% used [0x00000000eab00000,0x00000000ead80000,0x00000000ead80000)
  from space 2560K, 82% used [0x00000000eb180000,0x00000000eb390400,0x00000000eb400000)
  to   space 3072K, 0% used [0x00000000eae00000,0x00000000eae00000,0x00000000eb100000)
 ParOldGen       total 311296K, used 291307K [0x00000000c0000000, 0x00000000d3000000, 0x00000000eab00000)
  object space 311296K, 93% used [0x00000000c0000000,0x00000000d1c7ae50,0x00000000d3000000)
 Metaspace       used 81418K, committed 82752K, reserved 1179648K
  class space    used 8703K, committed 9280K, reserved 1048576K
}
Event: 100.079 GC heap after
{Heap after GC invocations=2949 (full 40):
 PSYoungGen      total 5632K, used 2388K [0x00000000eab00000, 0x00000000eb300000, 0x0000000100000000)
  eden space 3072K, 0% used [0x00000000eab00000,0x00000000eab00000,0x00000000eae00000)
  from space 2560K, 93% used [0x00000000eae00000,0x00000000eb055120,0x00000000eb080000)
  to   space 2560K, 0% used [0x00000000eb080000,0x00000000eb080000,0x00000000eb300000)
 ParOldGen       total 311296K, used 293263K [0x00000000c0000000, 0x00000000d3000000, 0x00000000eab00000)
  object space 311296K, 94% used [0x00000000c0000000,0x00000000d1e63cf0,0x00000000d3000000)
 Metaspace       used 81418K, committed 82752K, reserved 1179648K
  class space    used 8703K, committed 9280K, reserved 1048576K
}
Event: 100.096 GC heap before
{Heap before GC invocations=2950 (full 40):
 PSYoungGen      total 5632K, used 5460K [0x00000000eab00000, 0x00000000eb300000, 0x0000000100000000)
  eden space 3072K, 100% used [0x00000000eab00000,0x00000000eae00000,0x00000000eae00000)
  from space 2560K, 93% used [0x00000000eae00000,0x00000000eb055120,0x00000000eb080000)
  to   space 2560K, 0% used [0x00000000eb080000,0x00000000eb080000,0x00000000eb300000)
 ParOldGen       total 311296K, used 293263K [0x00000000c0000000, 0x00000000d3000000, 0x00000000eab00000)
  object space 311296K, 94% used [0x00000000c0000000,0x00000000d1e63cf0,0x00000000d3000000)
 Metaspace       used 81418K, committed 82752K, reserved 1179648K
  class space    used 8703K, committed 9280K, reserved 1048576K
}
Event: 100.098 GC heap after
{Heap after GC invocations=2950 (full 40):
 PSYoungGen      total 5632K, used 2318K [0x00000000eab00000, 0x00000000eb400000, 0x0000000100000000)
  eden space 3072K, 0% used [0x00000000eab00000,0x00000000eab00000,0x00000000eae00000)
  from space 2560K, 90% used [0x00000000eb080000,0x00000000eb2c3990,0x00000000eb300000)
  to   space 2560K, 0% used [0x00000000eae00000,0x00000000eae00000,0x00000000eb080000)
 ParOldGen       total 311296K, used 295391K [0x00000000c0000000, 0x00000000d3000000, 0x00000000eab00000)
  object space 311296K, 94% used [0x00000000c0000000,0x00000000d2077cf0,0x00000000d3000000)
 Metaspace       used 81418K, committed 82752K, reserved 1179648K
  class space    used 8703K, committed 9280K, reserved 1048576K
}
Event: 100.124 GC heap before
{Heap before GC invocations=2951 (full 40):
 PSYoungGen      total 5632K, used 5390K [0x00000000eab00000, 0x00000000eb400000, 0x0000000100000000)
  eden space 3072K, 100% used [0x00000000eab00000,0x00000000eae00000,0x00000000eae00000)
  from space 2560K, 90% used [0x00000000eb080000,0x00000000eb2c3990,0x00000000eb300000)
  to   space 2560K, 0% used [0x00000000eae00000,0x00000000eae00000,0x00000000eb080000)
 ParOldGen       total 311296K, used 295391K [0x00000000c0000000, 0x00000000d3000000, 0x00000000eab00000)
  object space 311296K, 94% used [0x00000000c0000000,0x00000000d2077cf0,0x00000000d3000000)
 Metaspace       used 81419K, committed 82752K, reserved 1179648K
  class space    used 8703K, committed 9280K, reserved 1048576K
}
Event: 100.125 GC heap after
{Heap after GC invocations=2951 (full 40):
 PSYoungGen      total 5632K, used 834K [0x00000000eab00000, 0x00000000eb200000, 0x0000000100000000)
  eden space 3072K, 0% used [0x00000000eab00000,0x00000000eab00000,0x00000000eae00000)
  from space 2560K, 32% used [0x00000000eae00000,0x00000000eaed0850,0x00000000eb080000)
  to   space 1536K, 0% used [0x00000000eb080000,0x00000000eb080000,0x00000000eb200000)
 ParOldGen       total 311296K, used 295935K [0x00000000c0000000, 0x00000000d3000000, 0x00000000eab00000)
  object space 311296K, 95% used [0x00000000c0000000,0x00000000d20ffcf0,0x00000000d3000000)
 Metaspace       used 81419K, committed 82752K, reserved 1179648K
  class space    used 8703K, committed 9280K, reserved 1048576K
}
Event: 304.515 GC heap before
{Heap before GC invocations=2952 (full 40):
 PSYoungGen      total 5632K, used 3906K [0x00000000eab00000, 0x00000000eb200000, 0x0000000100000000)
  eden space 3072K, 100% used [0x00000000eab00000,0x00000000eae00000,0x00000000eae00000)
  from space 2560K, 32% used [0x00000000eae00000,0x00000000eaed0850,0x00000000eb080000)
  to   space 1536K, 0% used [0x00000000eb080000,0x00000000eb080000,0x00000000eb200000)
 ParOldGen       total 311296K, used 295935K [0x00000000c0000000, 0x00000000d3000000, 0x00000000eab00000)
  object space 311296K, 95% used [0x00000000c0000000,0x00000000d20ffcf0,0x00000000d3000000)
 Metaspace       used 81441K, committed 82752K, reserved 1179648K
  class space    used 8705K, committed 9280K, reserved 1048576K
}
Event: 304.517 GC heap after
{Heap after GC invocations=2952 (full 40):
 PSYoungGen      total 4096K, used 768K [0x00000000eab00000, 0x00000000eb180000, 0x0000000100000000)
  eden space 3072K, 0% used [0x00000000eab00000,0x00000000eab00000,0x00000000eae00000)
  from space 1024K, 75% used [0x00000000eb080000,0x00000000eb140000,0x00000000eb180000)
  to   space 1024K, 0% used [0x00000000eaf80000,0x00000000eaf80000,0x00000000eb080000)
 ParOldGen       total 311296K, used 296237K [0x00000000c0000000, 0x00000000d3000000, 0x00000000eab00000)
  object space 311296K, 95% used [0x00000000c0000000,0x00000000d214b798,0x00000000d3000000)
 Metaspace       used 81441K, committed 82752K, reserved 1179648K
  class space    used 8705K, committed 9280K, reserved 1048576K
}
Event: 306.534 GC heap before
{Heap before GC invocations=2953 (full 40):
 PSYoungGen      total 4096K, used 3840K [0x00000000eab00000, 0x00000000eb180000, 0x0000000100000000)
  eden space 3072K, 100% used [0x00000000eab00000,0x00000000eae00000,0x00000000eae00000)
  from space 1024K, 75% used [0x00000000eb080000,0x00000000eb140000,0x00000000eb180000)
  to   space 1024K, 0% used [0x00000000eaf80000,0x00000000eaf80000,0x00000000eb080000)
 ParOldGen       total 311296K, used 296237K [0x00000000c0000000, 0x00000000d3000000, 0x00000000eab00000)
  object space 311296K, 95% used [0x00000000c0000000,0x00000000d214b798,0x00000000d3000000)
 Metaspace       used 81609K, committed 82944K, reserved 1179648K
  class space    used 8723K, committed 9280K, reserved 1048576K
}
Event: 306.540 GC heap after
{Heap after GC invocations=2953 (full 40):
 PSYoungGen      total 4096K, used 608K [0x00000000eab00000, 0x00000000eb100000, 0x0000000100000000)
  eden space 3072K, 0% used [0x00000000eab00000,0x00000000eab00000,0x00000000eae00000)
  from space 1024K, 59% used [0x00000000eaf80000,0x00000000eb018000,0x00000000eb080000)
  to   space 512K, 0% used [0x00000000eb080000,0x00000000eb080000,0x00000000eb100000)
 ParOldGen       total 311296K, used 296845K [0x00000000c0000000, 0x00000000d3000000, 0x00000000eab00000)
  object space 311296K, 95% used [0x00000000c0000000,0x00000000d21e34b0,0x00000000d3000000)
 Metaspace       used 81609K, committed 82944K, reserved 1179648K
  class space    used 8723K, committed 9280K, reserved 1048576K
}
Event: 306.751 GC heap before
{Heap before GC invocations=2954 (full 40):
 PSYoungGen      total 4096K, used 3680K [0x00000000eab00000, 0x00000000eb100000, 0x0000000100000000)
  eden space 3072K, 100% used [0x00000000eab00000,0x00000000eae00000,0x00000000eae00000)
  from space 1024K, 59% used [0x00000000eaf80000,0x00000000eb018000,0x00000000eb080000)
  to   space 512K, 0% used [0x00000000eb080000,0x00000000eb080000,0x00000000eb100000)
 ParOldGen       total 311296K, used 296845K [0x00000000c0000000, 0x00000000d3000000, 0x00000000eab00000)
  object space 311296K, 95% used [0x00000000c0000000,0x00000000d21e34b0,0x00000000d3000000)
 Metaspace       used 81650K, committed 82944K, reserved 1179648K
  class space    used 8727K, committed 9280K, reserved 1048576K
}
Event: 306.754 GC heap after
{Heap after GC invocations=2954 (full 40):
 PSYoungGen      total 3584K, used 288K [0x00000000eab00000, 0x00000000eb100000, 0x0000000100000000)
  eden space 3072K, 0% used [0x00000000eab00000,0x00000000eab00000,0x00000000eae00000)
  from space 512K, 56% used [0x00000000eb080000,0x00000000eb0c8000,0x00000000eb100000)
  to   space 512K, 0% used [0x00000000eb000000,0x00000000eb000000,0x00000000eb080000)
 ParOldGen       total 311296K, used 297293K [0x00000000c0000000, 0x00000000d3000000, 0x00000000eab00000)
  object space 311296K, 95% used [0x00000000c0000000,0x00000000d22534b0,0x00000000d3000000)
 Metaspace       used 81650K, committed 82944K, reserved 1179648K
  class space    used 8727K, committed 9280K, reserved 1048576K
}
Event: 661.789 GC heap before
{Heap before GC invocations=2955 (full 40):
 PSYoungGen      total 3584K, used 3360K [0x00000000eab00000, 0x00000000eb100000, 0x0000000100000000)
  eden space 3072K, 100% used [0x00000000eab00000,0x00000000eae00000,0x00000000eae00000)
  from space 512K, 56% used [0x00000000eb080000,0x00000000eb0c8000,0x00000000eb100000)
  to   space 512K, 0% used [0x00000000eb000000,0x00000000eb000000,0x00000000eb080000)
 ParOldGen       total 311296K, used 297293K [0x00000000c0000000, 0x00000000d3000000, 0x00000000eab00000)
  object space 311296K, 95% used [0x00000000c0000000,0x00000000d22534b0,0x00000000d3000000)
 Metaspace       used 81736K, committed 83072K, reserved 1179648K
  class space    used 8744K, committed 9344K, reserved 1048576K
}
Event: 661.790 GC heap after
{Heap after GC invocations=2955 (full 40):
 PSYoungGen      total 3584K, used 261K [0x00000000eab00000, 0x00000000eb100000, 0x0000000100000000)
  eden space 3072K, 0% used [0x00000000eab00000,0x00000000eab00000,0x00000000eae00000)
  from space 512K, 50% used [0x00000000eb000000,0x00000000eb041410,0x00000000eb080000)
  to   space 512K, 0% used [0x00000000eb080000,0x00000000eb080000,0x00000000eb100000)
 ParOldGen       total 311296K, used 297397K [0x00000000c0000000, 0x00000000d3000000, 0x00000000eab00000)
  object space 311296K, 95% used [0x00000000c0000000,0x00000000d226d4b0,0x00000000d3000000)
 Metaspace       used 81736K, committed 83072K, reserved 1179648K
  class space    used 8744K, committed 9344K, reserved 1048576K
}

