# JRE version: OpenJDK Runtime Environment Temurin-17.0.12+7 (17.0.12+7) (build 17.0.12+7)
# Java VM: OpenJDK 64-Bit Server VM Temurin-17.0.12+7 (17.0.12+7, mixed mode, tiered, compressed oops, compressed class ptrs, parallel gc, windows-amd64)
GC Precious Log:
 CPUs: 8 total, 8 available
 Memory: 16321M
 Large Page Support: Disabled
 NUMA Support: Disabled
 Compressed Oops: Enabled (32-bit)
 Alignments: Space 512K, Generation 512K, Heap 2M
 Heap Min Capacity: 100M
 Heap Initial Capacity: 100M
 Heap Max Capacity: 1G
 Pre-touch: Disabled
 Parallel Workers: 8
Heap:
 PSYoungGen      total 9728K, used 2551K [0x00000000eab00000, 0x00000000ec180000, 0x0000000100000000)
  eden space 7168K, 0% used [0x00000000eab00000,0x00000000eab00000,0x00000000eb200000)
  from space 2560K, 99% used [0x00000000eb800000,0x00000000eba7dd78,0x00000000eba80000)
  to   space 6144K, 0% used [0x00000000eb200000,0x00000000eb200000,0x00000000eb800000)
 ParOldGen       total 96256K, used 94322K [0x00000000c0000000, 0x00000000c5e00000, 0x00000000eab00000)
  object space 96256K, 97% used [0x00000000c0000000,0x00000000c5c1c908,0x00000000c5e00000)
 Metaspace       used 67484K, committed 68672K, reserved 1114112K
  class space    used 7744K, committed 8256K, reserved 1048576K
GC Heap History (20 events):
Event: 94.582 GC heap after
{Heap after GC invocations=72 (full 4):
 PSYoungGen      total 15360K, used 2895K [0x00000000eab00000, 0x00000000ebe00000, 0x0000000100000000)
  eden space 12288K, 0% used [0x00000000eab00000,0x00000000eab00000,0x00000000eb700000)
  from space 3072K, 94% used [0x00000000eb880000,0x00000000ebb53c98,0x00000000ebb80000)
  to   space 2560K, 0% used [0x00000000ebb80000,0x00000000ebb80000,0x00000000ebe00000)
 ParOldGen       total 96256K, used 70772K [0x00000000c0000000, 0x00000000c5e00000, 0x00000000eab00000)
  object space 96256K, 73% used [0x00000000c0000000,0x00000000c451d070,0x00000000c5e00000)
 Metaspace       used 67461K, committed 68608K, reserved 1114112K
  class space    used 7743K, committed 8256K, reserved 1048576K
}
Event: 94.819 GC heap before
{Heap before GC invocations=73 (full 4):
 PSYoungGen      total 15360K, used 15183K [0x00000000eab00000, 0x00000000ebe00000, 0x0000000100000000)
  eden space 12288K, 100% used [0x00000000eab00000,0x00000000eb700000,0x00000000eb700000)
  from space 3072K, 94% used [0x00000000eb880000,0x00000000ebb53c98,0x00000000ebb80000)
  to   space 2560K, 0% used [0x00000000ebb80000,0x00000000ebb80000,0x00000000ebe00000)
 ParOldGen       total 96256K, used 70772K [0x00000000c0000000, 0x00000000c5e00000, 0x00000000eab00000)
  object space 96256K, 73% used [0x00000000c0000000,0x00000000c451d070,0x00000000c5e00000)
 Metaspace       used 67464K, committed 68608K, reserved 1114112K
  class space    used 7743K, committed 8256K, reserved 1048576K
}
Event: 94.822 GC heap after
{Heap after GC invocations=73 (full 4):
 PSYoungGen      total 13312K, used 2552K [0x00000000eab00000, 0x00000000ec300000, 0x0000000100000000)
  eden space 10752K, 0% used [0x00000000eab00000,0x00000000eab00000,0x00000000eb580000)
  from space 2560K, 99% used [0x00000000ebb80000,0x00000000ebdfe3b8,0x00000000ebe00000)
  to   space 6144K, 0% used [0x00000000eb580000,0x00000000eb580000,0x00000000ebb80000)
 ParOldGen       total 96256K, used 73740K [0x00000000c0000000, 0x00000000c5e00000, 0x00000000eab00000)
  object space 96256K, 76% used [0x00000000c0000000,0x00000000c4803330,0x00000000c5e00000)
 Metaspace       used 67464K, committed 68608K, reserved 1114112K
  class space    used 7743K, committed 8256K, reserved 1048576K
}
Event: 94.891 GC heap before
{Heap before GC invocations=74 (full 4):
 PSYoungGen      total 13312K, used 13304K [0x00000000eab00000, 0x00000000ec300000, 0x0000000100000000)
  eden space 10752K, 100% used [0x00000000eab00000,0x00000000eb580000,0x00000000eb580000)
  from space 2560K, 99% used [0x00000000ebb80000,0x00000000ebdfe3b8,0x00000000ebe00000)
  to   space 6144K, 0% used [0x00000000eb580000,0x00000000eb580000,0x00000000ebb80000)
 ParOldGen       total 96256K, used 73740K [0x00000000c0000000, 0x00000000c5e00000, 0x00000000eab00000)
  object space 96256K, 76% used [0x00000000c0000000,0x00000000c4803330,0x00000000c5e00000)
 Metaspace       used 67464K, committed 68608K, reserved 1114112K
  class space    used 7743K, committed 8256K, reserved 1048576K
}
Event: 94.897 GC heap after
{Heap after GC invocations=74 (full 4):
 PSYoungGen      total 13824K, used 3013K [0x00000000eab00000, 0x00000000ebd80000, 0x0000000100000000)
  eden space 10752K, 0% used [0x00000000eab00000,0x00000000eab00000,0x00000000eb580000)
  from space 3072K, 98% used [0x00000000eb580000,0x00000000eb871730,0x00000000eb880000)
  to   space 4096K, 0% used [0x00000000eb980000,0x00000000eb980000,0x00000000ebd80000)
 ParOldGen       total 96256K, used 76217K [0x00000000c0000000, 0x00000000c5e00000, 0x00000000eab00000)
  object space 96256K, 79% used [0x00000000c0000000,0x00000000c4a6e498,0x00000000c5e00000)
 Metaspace       used 67464K, committed 68608K, reserved 1114112K
  class space    used 7743K, committed 8256K, reserved 1048576K
}
Event: 95.011 GC heap before
{Heap before GC invocations=75 (full 4):
 PSYoungGen      total 13824K, used 13765K [0x00000000eab00000, 0x00000000ebd80000, 0x0000000100000000)
  eden space 10752K, 100% used [0x00000000eab00000,0x00000000eb580000,0x00000000eb580000)
  from space 3072K, 98% used [0x00000000eb580000,0x00000000eb871730,0x00000000eb880000)
  to   space 4096K, 0% used [0x00000000eb980000,0x00000000eb980000,0x00000000ebd80000)
 ParOldGen       total 96256K, used 76217K [0x00000000c0000000, 0x00000000c5e00000, 0x00000000eab00000)
  object space 96256K, 79% used [0x00000000c0000000,0x00000000c4a6e498,0x00000000c5e00000)
 Metaspace       used 67464K, committed 68608K, reserved 1114112K
  class space    used 7743K, committed 8256K, reserved 1048576K
}
Event: 95.014 GC heap after
{Heap after GC invocations=75 (full 4):
 PSYoungGen      total 13824K, used 2722K [0x00000000eab00000, 0x00000000ebc80000, 0x0000000100000000)
  eden space 10752K, 0% used [0x00000000eab00000,0x00000000eab00000,0x00000000eb580000)
  from space 3072K, 88% used [0x00000000eb980000,0x00000000ebc28b10,0x00000000ebc80000)
  to   space 3072K, 0% used [0x00000000eb580000,0x00000000eb580000,0x00000000eb880000)
 ParOldGen       total 96256K, used 79050K [0x00000000c0000000, 0x00000000c5e00000, 0x00000000eab00000)
  object space 96256K, 82% used [0x00000000c0000000,0x00000000c4d328a8,0x00000000c5e00000)
 Metaspace       used 67464K, committed 68608K, reserved 1114112K
  class space    used 7743K, committed 8256K, reserved 1048576K
}
Event: 95.073 GC heap before
{Heap before GC invocations=76 (full 4):
 PSYoungGen      total 13824K, used 13474K [0x00000000eab00000, 0x00000000ebc80000, 0x0000000100000000)
  eden space 10752K, 100% used [0x00000000eab00000,0x00000000eb580000,0x00000000eb580000)
  from space 3072K, 88% used [0x00000000eb980000,0x00000000ebc28b10,0x00000000ebc80000)
  to   space 3072K, 0% used [0x00000000eb580000,0x00000000eb580000,0x00000000eb880000)
 ParOldGen       total 96256K, used 79050K [0x00000000c0000000, 0x00000000c5e00000, 0x00000000eab00000)
  object space 96256K, 82% used [0x00000000c0000000,0x00000000c4d328a8,0x00000000c5e00000)
 Metaspace       used 67466K, committed 68608K, reserved 1114112K
  class space    used 7743K, committed 8256K, reserved 1048576K
}
Event: 95.076 GC heap after
{Heap after GC invocations=76 (full 4):
 PSYoungGen      total 13824K, used 2662K [0x00000000eab00000, 0x00000000ebb80000, 0x0000000100000000)
  eden space 10752K, 0% used [0x00000000eab00000,0x00000000eab00000,0x00000000eb580000)
  from space 3072K, 86% used [0x00000000eb580000,0x00000000eb819a30,0x00000000eb880000)
  to   space 3072K, 0% used [0x00000000eb880000,0x00000000eb880000,0x00000000ebb80000)
 ParOldGen       total 96256K, used 81512K [0x00000000c0000000, 0x00000000c5e00000, 0x00000000eab00000)
  object space 96256K, 84% used [0x00000000c0000000,0x00000000c4f9a060,0x00000000c5e00000)
 Metaspace       used 67466K, committed 68608K, reserved 1114112K
  class space    used 7743K, committed 8256K, reserved 1048576K
}
Event: 95.132 GC heap before
{Heap before GC invocations=77 (full 4):
 PSYoungGen      total 13824K, used 13414K [0x00000000eab00000, 0x00000000ebb80000, 0x0000000100000000)
  eden space 10752K, 100% used [0x00000000eab00000,0x00000000eb580000,0x00000000eb580000)
  from space 3072K, 86% used [0x00000000eb580000,0x00000000eb819a30,0x00000000eb880000)
  to   space 3072K, 0% used [0x00000000eb880000,0x00000000eb880000,0x00000000ebb80000)
 ParOldGen       total 96256K, used 81512K [0x00000000c0000000, 0x00000000c5e00000, 0x00000000eab00000)
  object space 96256K, 84% used [0x00000000c0000000,0x00000000c4f9a060,0x00000000c5e00000)
 Metaspace       used 67475K, committed 68672K, reserved 1114112K
  class space    used 7744K, committed 8256K, reserved 1048576K
}
Event: 95.134 GC heap after
{Heap after GC invocations=77 (full 4):
 PSYoungGen      total 13824K, used 2687K [0x00000000eab00000, 0x00000000ebb80000, 0x0000000100000000)
  eden space 10752K, 0% used [0x00000000eab00000,0x00000000eab00000,0x00000000eb580000)
  from space 3072K, 87% used [0x00000000eb880000,0x00000000ebb1fc08,0x00000000ebb80000)
  to   space 3072K, 0% used [0x00000000eb580000,0x00000000eb580000,0x00000000eb880000)
 ParOldGen       total 96256K, used 83940K [0x00000000c0000000, 0x00000000c5e00000, 0x00000000eab00000)
  object space 96256K, 87% used [0x00000000c0000000,0x00000000c51f9000,0x00000000c5e00000)
 Metaspace       used 67475K, committed 68672K, reserved 1114112K
  class space    used 7744K, committed 8256K, reserved 1048576K
}
Event: 95.201 GC heap before
{Heap before GC invocations=78 (full 4):
 PSYoungGen      total 13824K, used 13439K [0x00000000eab00000, 0x00000000ebb80000, 0x0000000100000000)
  eden space 10752K, 100% used [0x00000000eab00000,0x00000000eb580000,0x00000000eb580000)
  from space 3072K, 87% used [0x00000000eb880000,0x00000000ebb1fc08,0x00000000ebb80000)
  to   space 3072K, 0% used [0x00000000eb580000,0x00000000eb580000,0x00000000eb880000)
 ParOldGen       total 96256K, used 83940K [0x00000000c0000000, 0x00000000c5e00000, 0x00000000eab00000)
  object space 96256K, 87% used [0x00000000c0000000,0x00000000c51f9000,0x00000000c5e00000)
 Metaspace       used 67475K, committed 68672K, reserved 1114112K
  class space    used 7744K, committed 8256K, reserved 1048576K
}
Event: 95.202 GC heap after
{Heap after GC invocations=78 (full 4):
 PSYoungGen      total 13824K, used 2611K [0x00000000eab00000, 0x00000000ebb80000, 0x0000000100000000)
  eden space 10752K, 0% used [0x00000000eab00000,0x00000000eab00000,0x00000000eb580000)
  from space 3072K, 84% used [0x00000000eb580000,0x00000000eb80ccc8,0x00000000eb880000)
  to   space 3072K, 0% used [0x00000000eb880000,0x00000000eb880000,0x00000000ebb80000)
 ParOldGen       total 96256K, used 86467K [0x00000000c0000000, 0x00000000c5e00000, 0x00000000eab00000)
  object space 96256K, 89% used [0x00000000c0000000,0x00000000c5470de8,0x00000000c5e00000)
 Metaspace       used 67475K, committed 68672K, reserved 1114112K
  class space    used 7744K, committed 8256K, reserved 1048576K
}
Event: 95.304 GC heap before
{Heap before GC invocations=79 (full 4):
 PSYoungGen      total 13824K, used 13363K [0x00000000eab00000, 0x00000000ebb80000, 0x0000000100000000)
  eden space 10752K, 100% used [0x00000000eab00000,0x00000000eb580000,0x00000000eb580000)
  from space 3072K, 84% used [0x00000000eb580000,0x00000000eb80ccc8,0x00000000eb880000)
  to   space 3072K, 0% used [0x00000000eb880000,0x00000000eb880000,0x00000000ebb80000)
 ParOldGen       total 96256K, used 86467K [0x00000000c0000000, 0x00000000c5e00000, 0x00000000eab00000)
  object space 96256K, 89% used [0x00000000c0000000,0x00000000c5470de8,0x00000000c5e00000)
 Metaspace       used 67477K, committed 68672K, reserved 1114112K
  class space    used 7744K, committed 8256K, reserved 1048576K
}
Event: 95.306 GC heap after
{Heap after GC invocations=79 (full 4):
 PSYoungGen      total 13824K, used 2558K [0x00000000eab00000, 0x00000000ebb80000, 0x0000000100000000)
  eden space 10752K, 0% used [0x00000000eab00000,0x00000000eab00000,0x00000000eb580000)
  from space 3072K, 83% used [0x00000000eb880000,0x00000000ebaff940,0x00000000ebb80000)
  to   space 3072K, 0% used [0x00000000eb580000,0x00000000eb580000,0x00000000eb880000)
 ParOldGen       total 96256K, used 88910K [0x00000000c0000000, 0x00000000c5e00000, 0x00000000eab00000)
  object space 96256K, 92% used [0x00000000c0000000,0x00000000c56d3860,0x00000000c5e00000)
 Metaspace       used 67477K, committed 68672K, reserved 1114112K
  class space    used 7744K, committed 8256K, reserved 1048576K
}
Event: 95.398 GC heap before
{Heap before GC invocations=80 (full 4):
 PSYoungGen      total 13824K, used 13310K [0x00000000eab00000, 0x00000000ebb80000, 0x0000000100000000)
  eden space 10752K, 100% used [0x00000000eab00000,0x00000000eb580000,0x00000000eb580000)
  from space 3072K, 83% used [0x00000000eb880000,0x00000000ebaff940,0x00000000ebb80000)
  to   space 3072K, 0% used [0x00000000eb580000,0x00000000eb580000,0x00000000eb880000)
 ParOldGen       total 96256K, used 88910K [0x00000000c0000000, 0x00000000c5e00000, 0x00000000eab00000)
  object space 96256K, 92% used [0x00000000c0000000,0x00000000c56d3860,0x00000000c5e00000)
 Metaspace       used 67480K, committed 68672K, reserved 1114112K
  class space    used 7744K, committed 8256K, reserved 1048576K
}
Event: 95.400 GC heap after
{Heap after GC invocations=80 (full 4):
 PSYoungGen      total 13312K, used 2497K [0x00000000eab00000, 0x00000000eba80000, 0x0000000100000000)
  eden space 10752K, 0% used [0x00000000eab00000,0x00000000eab00000,0x00000000eb580000)
  from space 2560K, 97% used [0x00000000eb580000,0x00000000eb7f06a0,0x00000000eb800000)
  to   space 2560K, 0% used [0x00000000eb800000,0x00000000eb800000,0x00000000eba80000)
 ParOldGen       total 96256K, used 91368K [0x00000000c0000000, 0x00000000c5e00000, 0x00000000eab00000)
  object space 96256K, 94% used [0x00000000c0000000,0x00000000c593a140,0x00000000c5e00000)
 Metaspace       used 67480K, committed 68672K, reserved 1114112K
  class space    used 7744K, committed 8256K, reserved 1048576K
}
Event: 95.486 GC heap before
{Heap before GC invocations=81 (full 4):
 PSYoungGen      total 13312K, used 13249K [0x00000000eab00000, 0x00000000eba80000, 0x0000000100000000)
  eden space 10752K, 100% used [0x00000000eab00000,0x00000000eb580000,0x00000000eb580000)
  from space 2560K, 97% used [0x00000000eb580000,0x00000000eb7f06a0,0x00000000eb800000)
  to   space 2560K, 0% used [0x00000000eb800000,0x00000000eb800000,0x00000000eba80000)
 ParOldGen       total 96256K, used 91368K [0x00000000c0000000, 0x00000000c5e00000, 0x00000000eab00000)
  object space 96256K, 94% used [0x00000000c0000000,0x00000000c593a140,0x00000000c5e00000)
 Metaspace       used 67484K, committed 68672K, reserved 1114112K
  class space    used 7744K, committed 8256K, reserved 1048576K
}
Event: 95.489 GC heap after
{Heap after GC invocations=81 (full 4):
 PSYoungGen      total 9728K, used 2551K [0x00000000eab00000, 0x00000000ec180000, 0x0000000100000000)
  eden space 7168K, 0% used [0x00000000eab00000,0x00000000eab00000,0x00000000eb200000)
  from space 2560K, 99% used [0x00000000eb800000,0x00000000eba7dd78,0x00000000eba80000)
  to   space 6144K, 0% used [0x00000000eb200000,0x00000000eb200000,0x00000000eb800000)
 ParOldGen       total 96256K, used 94322K [0x00000000c0000000, 0x00000000c5e00000, 0x00000000eab00000)
  object space 96256K, 97% used [0x00000000c0000000,0x00000000c5c1c908,0x00000000c5e00000)
 Metaspace       used 67484K, committed 68672K, reserved 1114112K
  class space    used 7744K, committed 8256K, reserved 1048576K
}
Event: 95.489 GC heap before
{Heap before GC invocations=82 (full 5):
 PSYoungGen      total 9728K, used 2551K [0x00000000eab00000, 0x00000000ec180000, 0x0000000100000000)
  eden space 7168K, 0% used [0x00000000eab00000,0x00000000eab00000,0x00000000eb200000)
  from space 2560K, 99% used [0x00000000eb800000,0x00000000eba7dd78,0x00000000eba80000)
  to   space 6144K, 0% used [0x00000000eb200000,0x00000000eb200000,0x00000000eb800000)
 ParOldGen       total 96256K, used 94322K [0x00000000c0000000, 0x00000000c5e00000, 0x00000000eab00000)
  object space 96256K, 97% used [0x00000000c0000000,0x00000000c5c1c908,0x00000000c5e00000)
 Metaspace       used 67484K, committed 68672K, reserved 1114112K
  class space    used 7744K, committed 8256K, reserved 1048576K
}

