# JRE version: OpenJDK Runtime Environment Temurin-17.0.13+11 (17.0.13+11) (build 17.0.13+11)
# Java VM: OpenJDK 64-Bit Server VM Temurin-17.0.13+11 (17.0.13+11, mixed mode, tiered, compressed oops, compressed class ptrs, parallel gc, windows-amd64)
GC Precious Log:
 CPUs: 8 total, 8 available
 Memory: 16321M
 Large Page Support: Disabled
 NUMA Support: Disabled
 Compressed Oops: Enabled (32-bit)
 Alignments: Space 512K, Generation 512K, Heap 2M
 Heap Min Capacity: 100M
 Heap Initial Capacity: 100M
 Heap Max Capacity: 1G
 Pre-touch: Disabled
 Parallel Workers: 8
Heap:
 PSYoungGen      total 20992K, used 20765K [0x00000000eab00000, 0x00000000ed400000, 0x0000000100000000)
  eden space 9728K, 100% used [0x00000000eab00000,0x00000000eb480000,0x00000000eb480000)
  from space 11264K, 97% used [0x00000000eb480000,0x00000000ebf47648,0x00000000ebf80000)
  to   space 15360K, 0% used [0x00000000ec500000,0x00000000ec500000,0x00000000ed400000)
 ParOldGen       total 392704K, used 390307K [0x00000000c0000000, 0x00000000d7f80000, 0x00000000eab00000)
  object space 392704K, 99% used [0x00000000c0000000,0x00000000d7d28f68,0x00000000d7f80000)
 Metaspace       used 66672K, committed 67776K, reserved 1114112K
  class space    used 7622K, committed 8128K, reserved 1048576K
GC Heap History (20 events):
Event: 41.981 GC heap after
{Heap after GC invocations=1437 (full 26):
 PSYoungGen      total 21504K, used 12707K [0x00000000eab00000, 0x00000000ece00000, 0x0000000100000000)
  eden space 8704K, 0% used [0x00000000eab00000,0x00000000eab00000,0x00000000eb380000)
  from space 12800K, 99% used [0x00000000ec180000,0x00000000ecde8fa8,0x00000000ece00000)
  to   space 13312K, 0% used [0x00000000eb400000,0x00000000eb400000,0x00000000ec100000)
 ParOldGen       total 392704K, used 353901K [0x00000000c0000000, 0x00000000d7f80000, 0x00000000eab00000)
  object space 392704K, 90% used [0x00000000c0000000,0x00000000d599b508,0x00000000d7f80000)
 Metaspace       used 66667K, committed 67776K, reserved 1114112K
  class space    used 7622K, committed 8128K, reserved 1048576K
}
Event: 42.140 GC heap before
{Heap before GC invocations=1438 (full 26):
 PSYoungGen      total 21504K, used 21309K [0x00000000eab00000, 0x00000000ece00000, 0x0000000100000000)
  eden space 8704K, 98% used [0x00000000eab00000,0x00000000eb3667f0,0x00000000eb380000)
  from space 12800K, 99% used [0x00000000ec180000,0x00000000ecde8fa8,0x00000000ece00000)
  to   space 13312K, 0% used [0x00000000eb400000,0x00000000eb400000,0x00000000ec100000)
 ParOldGen       total 392704K, used 353901K [0x00000000c0000000, 0x00000000d7f80000, 0x00000000eab00000)
  object space 392704K, 90% used [0x00000000c0000000,0x00000000d599b508,0x00000000d7f80000)
 Metaspace       used 66667K, committed 67776K, reserved 1114112K
  class space    used 7622K, committed 8128K, reserved 1048576K
}
Event: 42.150 GC heap after
{Heap after GC invocations=1438 (full 26):
 PSYoungGen      total 22016K, used 13300K [0x00000000eab00000, 0x00000000edf80000, 0x0000000100000000)
  eden space 8704K, 0% used [0x00000000eab00000,0x00000000eab00000,0x00000000eb380000)
  from space 13312K, 99% used [0x00000000eb400000,0x00000000ec0fd258,0x00000000ec100000)
  to   space 22528K, 0% used [0x00000000ec980000,0x00000000ec980000,0x00000000edf80000)
 ParOldGen       total 392704K, used 361391K [0x00000000c0000000, 0x00000000d7f80000, 0x00000000eab00000)
  object space 392704K, 92% used [0x00000000c0000000,0x00000000d60ebe20,0x00000000d7f80000)
 Metaspace       used 66667K, committed 67776K, reserved 1114112K
  class space    used 7622K, committed 8128K, reserved 1048576K
}
Event: 42.359 GC heap before
{Heap before GC invocations=1439 (full 26):
 PSYoungGen      total 22016K, used 22004K [0x00000000eab00000, 0x00000000edf80000, 0x0000000100000000)
  eden space 8704K, 100% used [0x00000000eab00000,0x00000000eb380000,0x00000000eb380000)
  from space 13312K, 99% used [0x00000000eb400000,0x00000000ec0fd258,0x00000000ec100000)
  to   space 22528K, 0% used [0x00000000ec980000,0x00000000ec980000,0x00000000edf80000)
 ParOldGen       total 392704K, used 361391K [0x00000000c0000000, 0x00000000d7f80000, 0x00000000eab00000)
  object space 392704K, 92% used [0x00000000c0000000,0x00000000d60ebe20,0x00000000d7f80000)
 Metaspace       used 66667K, committed 67776K, reserved 1114112K
  class space    used 7622K, committed 8128K, reserved 1048576K
}
Event: 42.371 GC heap after
{Heap after GC invocations=1439 (full 26):
 PSYoungGen      total 29696K, used 20753K [0x00000000eab00000, 0x00000000ede00000, 0x0000000100000000)
  eden space 8704K, 0% used [0x00000000eab00000,0x00000000eab00000,0x00000000eb380000)
  from space 20992K, 98% used [0x00000000ec980000,0x00000000eddc47e8,0x00000000ede00000)
  to   space 21504K, 0% used [0x00000000eb400000,0x00000000eb400000,0x00000000ec900000)
 ParOldGen       total 392704K, used 362671K [0x00000000c0000000, 0x00000000d7f80000, 0x00000000eab00000)
  object space 392704K, 92% used [0x00000000c0000000,0x00000000d622be20,0x00000000d7f80000)
 Metaspace       used 66667K, committed 67776K, reserved 1114112K
  class space    used 7622K, committed 8128K, reserved 1048576K
}
Event: 42.589 GC heap before
{Heap before GC invocations=1440 (full 26):
 PSYoungGen      total 29696K, used 29201K [0x00000000eab00000, 0x00000000ede00000, 0x0000000100000000)
  eden space 8704K, 97% used [0x00000000eab00000,0x00000000eb33ffa8,0x00000000eb380000)
  from space 20992K, 98% used [0x00000000ec980000,0x00000000eddc47e8,0x00000000ede00000)
  to   space 21504K, 0% used [0x00000000eb400000,0x00000000eb400000,0x00000000ec900000)
 ParOldGen       total 392704K, used 362671K [0x00000000c0000000, 0x00000000d7f80000, 0x00000000eab00000)
  object space 392704K, 92% used [0x00000000c0000000,0x00000000d622be20,0x00000000d7f80000)
 Metaspace       used 66668K, committed 67776K, reserved 1114112K
  class space    used 7622K, committed 8128K, reserved 1048576K
}
Event: 42.598 GC heap after
{Heap after GC invocations=1440 (full 26):
 PSYoungGen      total 30208K, used 21484K [0x00000000eab00000, 0x00000000eee80000, 0x0000000100000000)
  eden space 8704K, 0% used [0x00000000eab00000,0x00000000eab00000,0x00000000eb380000)
  from space 21504K, 99% used [0x00000000eb400000,0x00000000ec8fb0e0,0x00000000ec900000)
  to   space 30208K, 0% used [0x00000000ed100000,0x00000000ed100000,0x00000000eee80000)
 ParOldGen       total 392704K, used 369900K [0x00000000c0000000, 0x00000000d7f80000, 0x00000000eab00000)
  object space 392704K, 94% used [0x00000000c0000000,0x00000000d693b010,0x00000000d7f80000)
 Metaspace       used 66668K, committed 67776K, reserved 1114112K
  class space    used 7622K, committed 8128K, reserved 1048576K
}
Event: 42.797 GC heap before
{Heap before GC invocations=1441 (full 26):
 PSYoungGen      total 30208K, used 30188K [0x00000000eab00000, 0x00000000eee80000, 0x0000000100000000)
  eden space 8704K, 100% used [0x00000000eab00000,0x00000000eb380000,0x00000000eb380000)
  from space 21504K, 99% used [0x00000000eb400000,0x00000000ec8fb0e0,0x00000000ec900000)
  to   space 30208K, 0% used [0x00000000ed100000,0x00000000ed100000,0x00000000eee80000)
 ParOldGen       total 392704K, used 369900K [0x00000000c0000000, 0x00000000d7f80000, 0x00000000eab00000)
  object space 392704K, 94% used [0x00000000c0000000,0x00000000d693b010,0x00000000d7f80000)
 Metaspace       used 66668K, committed 67776K, reserved 1114112K
  class space    used 7622K, committed 8128K, reserved 1048576K
}
Event: 42.811 GC heap after
{Heap after GC invocations=1441 (full 26):
 PSYoungGen      total 34304K, used 25297K [0x00000000eab00000, 0x00000000eea00000, 0x0000000100000000)
  eden space 8704K, 0% used [0x00000000eab00000,0x00000000eab00000,0x00000000eb380000)
  from space 25600K, 98% used [0x00000000ed100000,0x00000000ee9b46d8,0x00000000eea00000)
  to   space 26624K, 0% used [0x00000000eb600000,0x00000000eb600000,0x00000000ed000000)
 ParOldGen       total 392704K, used 371013K [0x00000000c0000000, 0x00000000d7f80000, 0x00000000eab00000)
  object space 392704K, 94% used [0x00000000c0000000,0x00000000d6a51420,0x00000000d7f80000)
 Metaspace       used 66668K, committed 67776K, reserved 1114112K
  class space    used 7622K, committed 8128K, reserved 1048576K
}
Event: 43.567 GC heap before
{Heap before GC invocations=1442 (full 26):
 PSYoungGen      total 34304K, used 34001K [0x00000000eab00000, 0x00000000eea00000, 0x0000000100000000)
  eden space 8704K, 100% used [0x00000000eab00000,0x00000000eb380000,0x00000000eb380000)
  from space 25600K, 98% used [0x00000000ed100000,0x00000000ee9b46d8,0x00000000eea00000)
  to   space 26624K, 0% used [0x00000000eb600000,0x00000000eb600000,0x00000000ed000000)
 ParOldGen       total 392704K, used 371013K [0x00000000c0000000, 0x00000000d7f80000, 0x00000000eab00000)
  object space 392704K, 94% used [0x00000000c0000000,0x00000000d6a51420,0x00000000d7f80000)
 Metaspace       used 66669K, committed 67776K, reserved 1114112K
  class space    used 7622K, committed 8128K, reserved 1048576K
}
Event: 43.577 GC heap after
{Heap after GC invocations=1442 (full 26):
 PSYoungGen      total 35328K, used 26594K [0x00000000eab00000, 0x00000000eec80000, 0x0000000100000000)
  eden space 8704K, 0% used [0x00000000eab00000,0x00000000eab00000,0x00000000eb380000)
  from space 26624K, 99% used [0x00000000eb600000,0x00000000ecff8900,0x00000000ed000000)
  to   space 29184K, 0% used [0x00000000ed000000,0x00000000ed000000,0x00000000eec80000)
 ParOldGen       total 392704K, used 372676K [0x00000000c0000000, 0x00000000d7f80000, 0x00000000eab00000)
  object space 392704K, 94% used [0x00000000c0000000,0x00000000d6bf1118,0x00000000d7f80000)
 Metaspace       used 66669K, committed 67776K, reserved 1114112K
  class space    used 7622K, committed 8128K, reserved 1048576K
}
Event: 43.685 GC heap before
{Heap before GC invocations=1443 (full 26):
 PSYoungGen      total 35328K, used 35298K [0x00000000eab00000, 0x00000000eec80000, 0x0000000100000000)
  eden space 8704K, 100% used [0x00000000eab00000,0x00000000eb380000,0x00000000eb380000)
  from space 26624K, 99% used [0x00000000eb600000,0x00000000ecff8900,0x00000000ed000000)
  to   space 29184K, 0% used [0x00000000ed000000,0x00000000ed000000,0x00000000eec80000)
 ParOldGen       total 392704K, used 372676K [0x00000000c0000000, 0x00000000d7f80000, 0x00000000eab00000)
  object space 392704K, 94% used [0x00000000c0000000,0x00000000d6bf1118,0x00000000d7f80000)
 Metaspace       used 66672K, committed 67776K, reserved 1114112K
  class space    used 7622K, committed 8128K, reserved 1048576K
}
Event: 43.696 GC heap after
{Heap after GC invocations=1443 (full 26):
 PSYoungGen      total 31232K, used 22204K [0x00000000eab00000, 0x00000000ee600000, 0x0000000100000000)
  eden space 8704K, 0% used [0x00000000eab00000,0x00000000eab00000,0x00000000eb380000)
  from space 22528K, 98% used [0x00000000ed000000,0x00000000ee5af3d8,0x00000000ee600000)
  to   space 24576K, 0% used [0x00000000eb600000,0x00000000eb600000,0x00000000ece00000)
 ParOldGen       total 392704K, used 378293K [0x00000000c0000000, 0x00000000d7f80000, 0x00000000eab00000)
  object space 392704K, 96% used [0x00000000c0000000,0x00000000d716d638,0x00000000d7f80000)
 Metaspace       used 66672K, committed 67776K, reserved 1114112K
  class space    used 7622K, committed 8128K, reserved 1048576K
}
Event: 43.765 GC heap before
{Heap before GC invocations=1444 (full 26):
 PSYoungGen      total 31232K, used 30908K [0x00000000eab00000, 0x00000000ee600000, 0x0000000100000000)
  eden space 8704K, 100% used [0x00000000eab00000,0x00000000eb380000,0x00000000eb380000)
  from space 22528K, 98% used [0x00000000ed000000,0x00000000ee5af3d8,0x00000000ee600000)
  to   space 24576K, 0% used [0x00000000eb600000,0x00000000eb600000,0x00000000ece00000)
 ParOldGen       total 392704K, used 378293K [0x00000000c0000000, 0x00000000d7f80000, 0x00000000eab00000)
  object space 392704K, 96% used [0x00000000c0000000,0x00000000d716d638,0x00000000d7f80000)
 Metaspace       used 66672K, committed 67776K, reserved 1114112K
  class space    used 7622K, committed 8128K, reserved 1048576K
}
Event: 43.777 GC heap after
{Heap after GC invocations=1444 (full 26):
 PSYoungGen      total 30720K, used 21884K [0x00000000eab00000, 0x00000000edf80000, 0x0000000100000000)
  eden space 8704K, 0% used [0x00000000eab00000,0x00000000eab00000,0x00000000eb380000)
  from space 22016K, 99% used [0x00000000eb600000,0x00000000ecb5f088,0x00000000ecb80000)
  to   space 20480K, 0% used [0x00000000ecb80000,0x00000000ecb80000,0x00000000edf80000)
 ParOldGen       total 392704K, used 378293K [0x00000000c0000000, 0x00000000d7f80000, 0x00000000eab00000)
  object space 392704K, 96% used [0x00000000c0000000,0x00000000d716d638,0x00000000d7f80000)
 Metaspace       used 66672K, committed 67776K, reserved 1114112K
  class space    used 7622K, committed 8128K, reserved 1048576K
}
Event: 43.835 GC heap before
{Heap before GC invocations=1445 (full 26):
 PSYoungGen      total 30720K, used 30588K [0x00000000eab00000, 0x00000000edf80000, 0x0000000100000000)
  eden space 8704K, 100% used [0x00000000eab00000,0x00000000eb380000,0x00000000eb380000)
  from space 22016K, 99% used [0x00000000eb600000,0x00000000ecb5f088,0x00000000ecb80000)
  to   space 20480K, 0% used [0x00000000ecb80000,0x00000000ecb80000,0x00000000edf80000)
 ParOldGen       total 392704K, used 378293K [0x00000000c0000000, 0x00000000d7f80000, 0x00000000eab00000)
  object space 392704K, 96% used [0x00000000c0000000,0x00000000d716d638,0x00000000d7f80000)
 Metaspace       used 66672K, committed 67776K, reserved 1114112K
  class space    used 7622K, committed 8128K, reserved 1048576K
}
Event: 43.845 GC heap after
{Heap after GC invocations=1445 (full 26):
 PSYoungGen      total 30208K, used 20463K [0x00000000eab00000, 0x00000000ee080000, 0x0000000100000000)
  eden space 9728K, 0% used [0x00000000eab00000,0x00000000eab00000,0x00000000eb480000)
  from space 20480K, 99% used [0x00000000ecb80000,0x00000000edf7bee8,0x00000000edf80000)
  to   space 22528K, 0% used [0x00000000eb480000,0x00000000eb480000,0x00000000eca80000)
 ParOldGen       total 392704K, used 379814K [0x00000000c0000000, 0x00000000d7f80000, 0x00000000eab00000)
  object space 392704K, 96% used [0x00000000c0000000,0x00000000d72e9bb0,0x00000000d7f80000)
 Metaspace       used 66672K, committed 67776K, reserved 1114112K
  class space    used 7622K, committed 8128K, reserved 1048576K
}
Event: 43.871 GC heap before
{Heap before GC invocations=1446 (full 26):
 PSYoungGen      total 30208K, used 30191K [0x00000000eab00000, 0x00000000ee080000, 0x0000000100000000)
  eden space 9728K, 100% used [0x00000000eab00000,0x00000000eb480000,0x00000000eb480000)
  from space 20480K, 99% used [0x00000000ecb80000,0x00000000edf7bee8,0x00000000edf80000)
  to   space 22528K, 0% used [0x00000000eb480000,0x00000000eb480000,0x00000000eca80000)
 ParOldGen       total 392704K, used 379814K [0x00000000c0000000, 0x00000000d7f80000, 0x00000000eab00000)
  object space 392704K, 96% used [0x00000000c0000000,0x00000000d72e9bb0,0x00000000d7f80000)
 Metaspace       used 66672K, committed 67776K, reserved 1114112K
  class space    used 7622K, committed 8128K, reserved 1048576K
}
Event: 43.881 GC heap after
{Heap after GC invocations=1446 (full 26):
 PSYoungGen      total 20992K, used 11037K [0x00000000eab00000, 0x00000000ed400000, 0x0000000100000000)
  eden space 9728K, 0% used [0x00000000eab00000,0x00000000eab00000,0x00000000eb480000)
  from space 11264K, 97% used [0x00000000eb480000,0x00000000ebf47648,0x00000000ebf80000)
  to   space 15360K, 0% used [0x00000000ec500000,0x00000000ec500000,0x00000000ed400000)
 ParOldGen       total 392704K, used 390307K [0x00000000c0000000, 0x00000000d7f80000, 0x00000000eab00000)
  object space 392704K, 99% used [0x00000000c0000000,0x00000000d7d28f68,0x00000000d7f80000)
 Metaspace       used 66672K, committed 67776K, reserved 1114112K
  class space    used 7622K, committed 8128K, reserved 1048576K
}
Event: 43.901 GC heap before
{Heap before GC invocations=1447 (full 27):
 PSYoungGen      total 20992K, used 20765K [0x00000000eab00000, 0x00000000ed400000, 0x0000000100000000)
  eden space 9728K, 100% used [0x00000000eab00000,0x00000000eb480000,0x00000000eb480000)
  from space 11264K, 97% used [0x00000000eb480000,0x00000000ebf47648,0x00000000ebf80000)
  to   space 15360K, 0% used [0x00000000ec500000,0x00000000ec500000,0x00000000ed400000)
 ParOldGen       total 392704K, used 390307K [0x00000000c0000000, 0x00000000d7f80000, 0x00000000eab00000)
  object space 392704K, 99% used [0x00000000c0000000,0x00000000d7d28f68,0x00000000d7f80000)
 Metaspace       used 66672K, committed 67776K, reserved 1114112K
  class space    used 7622K, committed 8128K, reserved 1048576K
}

