# JRE version: Java(TM) SE Runtime Environment (17.0.12+8) (build 17.0.12+8-LTS-286)
# Java VM: Java HotSpot(TM) 64-Bit Server VM (17.0.12+8-LTS-286, mixed mode, sharing, tiered, compressed oops, compressed class ptrs, g1 gc, windows-amd64)
GC Precious Log:
 CPUs: 8 total, 8 available
 Memory: 16321M
 Large Page Support: Disabled
 NUMA Support: Disabled
 Compressed Oops: Enabled (Zero based)
 Heap Region Size: 2M
 Heap Min Capacity: 8M
 Heap Initial Capacity: 256M
 Heap Max Capacity: 4082M
 Pre-touch: Disabled
 Parallel Workers: 8
 Concurrent Workers: 2
 Concurrent Refinement Workers: 8
 Periodic GC: Disabled
Heap:
 garbage-first heap   total 161792K, used 39910K [0x0000000700e00000, 0x0000000800000000)
  region size 2048K, 11 young (22528K), 2 survivors (4096K)
 Metaspace       used 34430K, committed 34624K, reserved 1114112K
  class space    used 4228K, committed 4352K, reserved 1048576K
GC Heap History (12 events):
Event: 1.413 GC heap before
{Heap before GC invocations=0 (full 0):
 garbage-first heap   total 262144K, used 24576K [0x0000000700e00000, 0x0000000800000000)
  region size 2048K, 11 young (22528K), 0 survivors (0K)
 Metaspace       used 6601K, committed 6784K, reserved 1114112K
  class space    used 685K, committed 768K, reserved 1048576K
}
Event: 1.429 GC heap after
{Heap after GC invocations=1 (full 0):
 garbage-first heap   total 262144K, used 6765K [0x0000000700e00000, 0x0000000800000000)
  region size 2048K, 2 young (4096K), 2 survivors (4096K)
 Metaspace       used 6601K, committed 6784K, reserved 1114112K
  class space    used 685K, committed 768K, reserved 1048576K
}
Event: 2.945 GC heap before
{Heap before GC invocations=1 (full 0):
 garbage-first heap   total 262144K, used 45677K [0x0000000700e00000, 0x0000000800000000)
  region size 2048K, 20 young (40960K), 2 survivors (4096K)
 Metaspace       used 15304K, committed 15552K, reserved 1114112K
  class space    used 2016K, committed 2112K, reserved 1048576K
}
Event: 2.950 GC heap after
{Heap after GC invocations=2 (full 0):
 garbage-first heap   total 262144K, used 12813K [0x0000000700e00000, 0x0000000800000000)
  region size 2048K, 3 young (6144K), 3 survivors (6144K)
 Metaspace       used 15304K, committed 15552K, reserved 1114112K
  class space    used 2016K, committed 2112K, reserved 1048576K
}
Event: 3.781 GC heap before
{Heap before GC invocations=2 (full 0):
 garbage-first heap   total 262144K, used 41485K [0x0000000700e00000, 0x0000000800000000)
  region size 2048K, 18 young (36864K), 3 survivors (6144K)
 Metaspace       used 21352K, committed 21504K, reserved 1114112K
  class space    used 2879K, committed 2944K, reserved 1048576K
}
Event: 3.788 GC heap after
{Heap after GC invocations=3 (full 0):
 garbage-first heap   total 262144K, used 14787K [0x0000000700e00000, 0x0000000800000000)
  region size 2048K, 5 young (10240K), 5 survivors (10240K)
 Metaspace       used 21352K, committed 21504K, reserved 1114112K
  class space    used 2879K, committed 2944K, reserved 1048576K
}
Event: 4.258 GC heap before
{Heap before GC invocations=4 (full 0):
 garbage-first heap   total 61440K, used 41411K [0x0000000700e00000, 0x0000000800000000)
  region size 2048K, 18 young (36864K), 5 survivors (10240K)
 Metaspace       used 26140K, committed 26304K, reserved 1114112K
  class space    used 3319K, committed 3392K, reserved 1048576K
}
Event: 4.270 GC heap after
{Heap after GC invocations=5 (full 0):
 garbage-first heap   total 61440K, used 17910K [0x0000000700e00000, 0x0000000800000000)
  region size 2048K, 2 young (4096K), 2 survivors (4096K)
 Metaspace       used 26140K, committed 26304K, reserved 1114112K
  class space    used 3319K, committed 3392K, reserved 1048576K
}
Event: 4.308 GC heap before
{Heap before GC invocations=5 (full 0):
 garbage-first heap   total 61440K, used 19958K [0x0000000700e00000, 0x0000000800000000)
  region size 2048K, 3 young (6144K), 2 survivors (4096K)
 Metaspace       used 26461K, committed 26688K, reserved 1114112K
  class space    used 3361K, committed 3456K, reserved 1048576K
}
Event: 4.313 GC heap after
{Heap after GC invocations=6 (full 0):
 garbage-first heap   total 61440K, used 19108K [0x0000000700e00000, 0x0000000800000000)
  region size 2048K, 1 young (2048K), 1 survivors (2048K)
 Metaspace       used 26461K, committed 26688K, reserved 1114112K
  class space    used 3361K, committed 3456K, reserved 1048576K
}
Event: 5.351 GC heap before
{Heap before GC invocations=6 (full 0):
 garbage-first heap   total 61440K, used 41636K [0x0000000700e00000, 0x0000000800000000)
  region size 2048K, 13 young (26624K), 1 survivors (2048K)
 Metaspace       used 32072K, committed 32256K, reserved 1114112K
  class space    used 3969K, committed 4032K, reserved 1048576K
}
Event: 5.363 GC heap after
{Heap after GC invocations=7 (full 0):
 garbage-first heap   total 161792K, used 21478K [0x0000000700e00000, 0x0000000800000000)
  region size 2048K, 2 young (4096K), 2 survivors (4096K)
 Metaspace       used 32072K, committed 32256K, reserved 1114112K
  class space    used 3969K, committed 4032K, reserved 1048576K
}

